<?xml version="1.0" encoding="UTF-8"?>
<!-- Generated by org.testng.reporters.JUnitXMLReporter -->
<testsuite ignored="0" hostname="FATHIMANOORA" failures="0" tests="3" name="Default test" time="40.918" errors="0" timestamp="2025-12-05T18:42:23 IST">
  <testcase classname="testscripts.AdminUsersTest" name="verifyWhetherAdminIsAbleToAddNewUser" time="9.651"/>
  <testcase classname="testscripts.AdminUsersTest" name="verifyWhetherAdminIsAbleToResetTheUsersList" time="4.01"/>
  <testcase classname="testscripts.AdminUsersTest" name="verifyWhetherAdminIsAbleToSearchTheNewlyAddedUser" time="4.251"/>
</testsuite> <!-- Default test -->
