<?xml version="1.0" encoding="UTF-8"?>
<!-- Generated by org.testng.reporters.JUnitXMLReporter -->
<testsuite ignored="0" hostname="FATHIMANOORA" failures="0" tests="4" name="Default test" time="45.41" errors="0" timestamp="2025-11-26T18:28:40 IST">
  <testcase classname="testscripts.LoginTest" name="verifyWhetherUserIsAbleToLoginWithInvalidUsernameAndInvalidPassword" time="4.449"/>
  <testcase classname="testscripts.LoginTest" name="verifyWhetherUserIsAbleToLoginWithInvalidUsernameAndValidPassword" time="1.711"/>
  <testcase classname="testscripts.LoginTest" name="verifyWhetherUserIsAbleToLoginWithValidUsernameAndInvalidPassword" time="2.292"/>
  <testcase classname="testscripts.LoginTest" name="verifyWhetherUserIsAbleToLoginWithValidcredentials" time="0.98"/>
</testsuite> <!-- Default test -->
