<?xml version="1.0" encoding="UTF-8"?>
<!-- Generated by org.testng.reporters.JUnitReportReporter -->
<testsuite hostname="FATHIMANOORA" failures="0" tests="3" name="testscripts.ManageNewsTest" time="54.267" errors="0" timestamp="2025-12-19T19:03:47 IST" skipped="0">
  <testcase classname="testscripts.ManageNewsTest" name="verifyWhetherAdminIsAbleToSearchNews" time="24.678"/>
  <testcase classname="testscripts.ManageNewsTest" name="verifyAdminIsAbleToResetTheNews" time="17.798"/>
  <testcase classname="testscripts.ManageNewsTest" name="verifyWhetherAdminIsAbleToAddNews" time="11.791"/>
</testsuite> <!-- testscripts.ManageNewsTest -->
