<?xml version="1.0" encoding="UTF-8"?>
<!-- Generated by org.testng.reporters.JUnitReportReporter -->
<testsuite hostname="FATHIMANOORA" failures="0" tests="3" name="testscripts.AdminUsersTest" time="53.798" errors="0" timestamp="2025-12-19T14:14:56 IST" skipped="0">
  <testcase classname="testscripts.AdminUsersTest" name="verifyWhetherAdminIsAbleToAddNewUser" time="19.610"/>
  <testcase classname="testscripts.AdminUsersTest" name="verifyWhetherAdminIsAbleToSearchTheNewlyAddedUser" time="20.327"/>
  <testcase classname="testscripts.AdminUsersTest" name="verifyWhetherAdminIsAbleToResetTheUsersList" time="13.861"/>
</testsuite> <!-- testscripts.AdminUsersTest -->
