<?xml version="1.0" encoding="UTF-8"?>
<!-- Generated by org.testng.reporters.JUnitReportReporter -->
<testsuite hostname="FATHIMANOORA" failures="0" tests="2" name="testscripts.ManageNewsTest" time="83.192" errors="0" timestamp="2025-12-10T13:08:25 IST" skipped="0">
  <testcase classname="testscripts.ManageNewsTest" name="verifyWhetherAdminIsAbleToAddNews" time="38.511"/>
  <testcase classname="testscripts.ManageNewsTest" name="verifyWhetherAdminIsAbleToSearchNews" time="44.681"/>
</testsuite> <!-- testscripts.ManageNewsTest -->
