<?xml version="1.0" encoding="UTF-8"?>
<!-- Generated by org.testng.reporters.JUnitReportReporter -->
<testsuite hostname="FATHIMANOORA" failures="0" tests="2" name="testscripts.LoginTest" time="16.605" errors="0" timestamp="2025-12-17T18:58:18 IST" skipped="0">
  <testcase classname="testscripts.LoginTest" name="verifyWhetherUserIsAbleToLoginWithInvalidUsernameAndInvalidPassword" time="7.114"/>
  <testcase classname="testscripts.LoginTest" name="verifyWhetherUserIsAbleToLoginWithInvalidUsernameAndInvalidPassword" time="9.491"/>
</testsuite> <!-- testscripts.LoginTest -->
