<?xml version="1.0" encoding="UTF-8"?>
<!-- Generated by org.testng.reporters.JUnitReportReporter -->
<testsuite hostname="FATHIMANOORA" failures="0" tests="3" name="testscripts.AdminUsersTest" time="40.753" errors="0" timestamp="2025-12-05T18:42:24 IST" skipped="0">
  <testcase classname="testscripts.AdminUsersTest" name="verifyWhetherAdminIsAbleToResetTheUsersList" time="10.252"/>
  <testcase classname="testscripts.AdminUsersTest" name="verifyWhetherAdminIsAbleToSearchTheNewlyAddedUser" time="14.825"/>
  <testcase classname="testscripts.AdminUsersTest" name="verifyWhetherAdminIsAbleToAddNewUser" time="15.676"/>
</testsuite> <!-- testscripts.AdminUsersTest -->
