<?xml version="1.0" encoding="UTF-8"?>
<testng-results ignored="0" total="4" passed="3" failed="1" skipped="0">
  <reporter-output>
  </reporter-output>
  <suite started-at="2025-12-20T18:00:29 IST" name="parallel" finished-at="2025-12-20T18:01:36 IST" duration-ms="67275">
    <groups>
    </groups>
    <test started-at="2025-12-20T18:00:29 IST" name="Test1" finished-at="2025-12-20T18:01:19 IST" duration-ms="50360">
      <class name="testscripts.AdminUsersTest">
        <test-method is-config="true" signature="initializeBrowser(java.lang.String)[pri:0, instance:testscripts.AdminUsersTest@5656be13]" started-at="2025-12-20T18:00:29 IST" name="initializeBrowser" finished-at="2025-12-20T18:00:40 IST" duration-ms="11300" status="PASS">
          <params>
            <param index="0">
              <value>
                <![CDATA[chrome]]>
              </value>
            </param>
          </params>
          <reporter-output>
          </reporter-output>
        </test-method> <!-- initializeBrowser -->
        <test-method signature="verifyWhetherAdminIsAbleToAddNewUser()[pri:1, instance:testscripts.AdminUsersTest@5656be13]" started-at="2025-12-20T18:00:40 IST" name="verifyWhetherAdminIsAbleToAddNewUser" description="Verify whether admin is able to add new user" finished-at="2025-12-20T18:00:54 IST" duration-ms="13989" status="FAIL">
          <exception class="org.openqa.selenium.NoSuchElementException">
            <message>
              <![CDATA[Cannot locate option with value: Staff
For documentation on this error, please visit: https://www.selenium.dev/documentation/webdriver/troubleshooting/errors#no-such-element-exception
Build info: version: '4.34.0', revision: '707dcb4246*'
System info: os.name: 'Windows 11', os.arch: 'amd64', os.version: '10.0', java.version: '21.0.7'
Driver info: driver.version: unknown]]>
            </message>
            <full-stacktrace>
              <![CDATA[org.openqa.selenium.NoSuchElementException: Cannot locate option with value: Staff
For documentation on this error, please visit: https://www.selenium.dev/documentation/webdriver/troubleshooting/errors#no-such-element-exception
Build info: version: '4.34.0', revision: '707dcb4246*'
System info: os.name: 'Windows 11', os.arch: 'amd64', os.version: '10.0', java.version: '21.0.7'
Driver info: driver.version: unknown
at org.openqa.selenium.support.ui.Select.findOptionsByValue(Select.java:393)
at org.openqa.selenium.support.ui.Select.selectByValue(Select.java:277)
at utilities.PageUtility.selectDropdownWithValue(PageUtility.java:12)
at pages.AdminUsersPage.selectTheUserType(AdminUsersPage.java:61)
at testscripts.AdminUsersTest.verifyWhetherAdminIsAbleToAddNewUser(AdminUsersTest.java:34)
at java.base/jdk.internal.reflect.DirectMethodHandleAccessor.invoke(DirectMethodHandleAccessor.java:103)
at java.base/java.lang.reflect.Method.invoke(Method.java:580)
at org.testng.internal.invokers.MethodInvocationHelper.invokeMethod(MethodInvocationHelper.java:141)
at org.testng.internal.invokers.TestInvoker.invokeMethod(TestInvoker.java:686)
at org.testng.internal.invokers.TestInvoker.invokeTestMethod(TestInvoker.java:230)
at org.testng.internal.invokers.MethodRunner.runInSequence(MethodRunner.java:63)
at org.testng.internal.invokers.TestInvoker$MethodInvocationAgent.invoke(TestInvoker.java:992)
at org.testng.internal.invokers.TestInvoker.invokeTestMethods(TestInvoker.java:203)
at org.testng.internal.invokers.TestMethodWorker.invokeTestMethods(TestMethodWorker.java:154)
at org.testng.internal.invokers.TestMethodWorker.run(TestMethodWorker.java:134)
at java.base/java.util.concurrent.Executors$RunnableAdapter.call(Executors.java:572)
at java.base/java.util.concurrent.FutureTask.run(FutureTask.java:317)
at org.testng.internal.thread.graph.TestNGFutureTask.run(TestNGFutureTask.java:22)
at java.base/java.util.concurrent.ThreadPoolExecutor.runWorker(ThreadPoolExecutor.java:1144)
at java.base/java.util.concurrent.ThreadPoolExecutor$Worker.run(ThreadPoolExecutor.java:642)
at java.base/java.lang.Thread.run(Thread.java:1583)
]]>
            </full-stacktrace>
          </exception> <!-- org.openqa.selenium.NoSuchElementException -->
          <reporter-output>
          </reporter-output>
        </test-method> <!-- verifyWhetherAdminIsAbleToAddNewUser -->
        <test-method is-config="true" signature="driverQuit(org.testng.ITestResult)[pri:0, instance:testscripts.AdminUsersTest@5656be13]" started-at="2025-12-20T18:00:54 IST" name="driverQuit" finished-at="2025-12-20T18:00:59 IST" duration-ms="4643" status="PASS">
          <params>
            <param index="0">
              <value>
                <![CDATA[[TestResult name=verifyWhetherAdminIsAbleToAddNewUser status=FAILURE method=AdminUsersTest.verifyWhetherAdminIsAbleToAddNewUser()[pri:1, instance:testscripts.AdminUsersTest@5656be13] output={null}]]]>
              </value>
            </param>
          </params>
          <reporter-output>
          </reporter-output>
        </test-method> <!-- driverQuit -->
        <test-method is-config="true" signature="initializeBrowser(java.lang.String)[pri:0, instance:testscripts.AdminUsersTest@5656be13]" started-at="2025-12-20T18:00:59 IST" name="initializeBrowser" finished-at="2025-12-20T18:01:05 IST" duration-ms="5815" status="PASS">
          <params>
            <param index="0">
              <value>
                <![CDATA[chrome]]>
              </value>
            </param>
          </params>
          <reporter-output>
          </reporter-output>
        </test-method> <!-- initializeBrowser -->
        <test-method signature="verifyWhetherAdminIsAbleToSearchTheNewlyAddedUser()[pri:2, instance:testscripts.AdminUsersTest@5656be13]" started-at="2025-12-20T18:01:05 IST" name="verifyWhetherAdminIsAbleToSearchTheNewlyAddedUser" description="Verify Whether Admin Is Able To Search The Newly AddedUser" finished-at="2025-12-20T18:01:09 IST" duration-ms="4531" status="PASS">
          <reporter-output>
          </reporter-output>
        </test-method> <!-- verifyWhetherAdminIsAbleToSearchTheNewlyAddedUser -->
        <test-method is-config="true" signature="driverQuit(org.testng.ITestResult)[pri:0, instance:testscripts.AdminUsersTest@5656be13]" started-at="2025-12-20T18:01:09 IST" name="driverQuit" finished-at="2025-12-20T18:01:10 IST" duration-ms="819" status="PASS">
          <params>
            <param index="0">
              <value>
                <![CDATA[[TestResult name=verifyWhetherAdminIsAbleToSearchTheNewlyAddedUser status=SUCCESS method=AdminUsersTest.verifyWhetherAdminIsAbleToSearchTheNewlyAddedUser()[pri:2, instance:testscripts.AdminUsersTest@5656be13] output={null}]]]>
              </value>
            </param>
          </params>
          <reporter-output>
          </reporter-output>
        </test-method> <!-- driverQuit -->
        <test-method is-config="true" signature="initializeBrowser(java.lang.String)[pri:0, instance:testscripts.AdminUsersTest@5656be13]" started-at="2025-12-20T18:01:10 IST" name="initializeBrowser" finished-at="2025-12-20T18:01:15 IST" duration-ms="4831" status="PASS">
          <params>
            <param index="0">
              <value>
                <![CDATA[chrome]]>
              </value>
            </param>
          </params>
          <reporter-output>
          </reporter-output>
        </test-method> <!-- initializeBrowser -->
        <test-method signature="verifyWhetherAdminIsAbleToResetTheUsersList()[pri:3, instance:testscripts.AdminUsersTest@5656be13]" started-at="2025-12-20T18:01:15 IST" name="verifyWhetherAdminIsAbleToResetTheUsersList" description="Verify Whether Admin Is Able To Reset The UsersList" finished-at="2025-12-20T18:01:18 IST" duration-ms="3170" status="PASS">
          <reporter-output>
          </reporter-output>
        </test-method> <!-- verifyWhetherAdminIsAbleToResetTheUsersList -->
        <test-method is-config="true" signature="driverQuit(org.testng.ITestResult)[pri:0, instance:testscripts.AdminUsersTest@5656be13]" started-at="2025-12-20T18:01:18 IST" name="driverQuit" finished-at="2025-12-20T18:01:19 IST" duration-ms="861" status="PASS">
          <params>
            <param index="0">
              <value>
                <![CDATA[[TestResult name=verifyWhetherAdminIsAbleToResetTheUsersList status=SUCCESS method=AdminUsersTest.verifyWhetherAdminIsAbleToResetTheUsersList()[pri:3, instance:testscripts.AdminUsersTest@5656be13] output={null}]]]>
              </value>
            </param>
          </params>
          <reporter-output>
          </reporter-output>
        </test-method> <!-- driverQuit -->
      </class> <!-- testscripts.AdminUsersTest -->
    </test> <!-- Test1 -->
    <test started-at="2025-12-20T18:01:19 IST" name="Test2" finished-at="2025-12-20T18:01:36 IST" duration-ms="16821">
      <class name="testscripts.HomeTest">
        <test-method is-config="true" signature="initializeBrowser(java.lang.String)[pri:0, instance:testscripts.HomeTest@510f3d34]" started-at="2025-12-20T18:01:19 IST" name="initializeBrowser" finished-at="2025-12-20T18:01:30 IST" duration-ms="11267" status="PASS">
          <params>
            <param index="0">
              <value>
                <![CDATA[firefox]]>
              </value>
            </param>
          </params>
          <reporter-output>
          </reporter-output>
        </test-method> <!-- initializeBrowser -->
        <test-method signature="verifyWhetherUserIsAbleToSuccessfullyLogout()[pri:1, instance:testscripts.HomeTest@510f3d34]" started-at="2025-12-20T18:01:30 IST" name="verifyWhetherUserIsAbleToSuccessfullyLogout" description="Verify whether User is able to successfully logout" finished-at="2025-12-20T18:01:33 IST" duration-ms="2669" status="PASS">
          <reporter-output>
          </reporter-output>
        </test-method> <!-- verifyWhetherUserIsAbleToSuccessfullyLogout -->
        <test-method is-config="true" signature="driverQuit(org.testng.ITestResult)[pri:0, instance:testscripts.HomeTest@510f3d34]" started-at="2025-12-20T18:01:33 IST" name="driverQuit" finished-at="2025-12-20T18:01:36 IST" duration-ms="2833" status="PASS">
          <params>
            <param index="0">
              <value>
                <![CDATA[[TestResult name=verifyWhetherUserIsAbleToSuccessfullyLogout status=SUCCESS method=HomeTest.verifyWhetherUserIsAbleToSuccessfullyLogout()[pri:1, instance:testscripts.HomeTest@510f3d34] output={null}]]]>
              </value>
            </param>
          </params>
          <reporter-output>
          </reporter-output>
        </test-method> <!-- driverQuit -->
      </class> <!-- testscripts.HomeTest -->
    </test> <!-- Test2 -->
  </suite> <!-- parallel -->
</testng-results>
