<?xml version="1.0" encoding="UTF-8"?>
<testng-results ignored="0" total="3" passed="3" failed="0" skipped="0">
  <reporter-output>
  </reporter-output>
  <suite started-at="2025-12-05T18:41:42 IST" name="Default suite" finished-at="2025-12-05T18:42:23 IST" duration-ms="40918">
    <groups>
    </groups>
    <test started-at="2025-12-05T18:41:42 IST" name="Default test" finished-at="2025-12-05T18:42:23 IST" duration-ms="40918">
      <class name="testscripts.AdminUsersTest">
        <test-method is-config="true" signature="initializeBrowser()[pri:0, instance:testscripts.AdminUsersTest@5c6648b0]" started-at="2025-12-05T18:41:43 IST" name="initializeBrowser" finished-at="2025-12-05T18:41:52 IST" duration-ms="9860" status="PASS">
          <reporter-output>
          </reporter-output>
        </test-method> <!-- initializeBrowser -->
        <test-method signature="verifyWhetherAdminIsAbleToAddNewUser()[pri:0, instance:testscripts.AdminUsersTest@5c6648b0]" started-at="2025-12-05T18:41:52 IST" name="verifyWhetherAdminIsAbleToAddNewUser" finished-at="2025-12-05T18:42:02 IST" duration-ms="9651" status="PASS">
          <reporter-output>
          </reporter-output>
        </test-method> <!-- verifyWhetherAdminIsAbleToAddNewUser -->
        <test-method is-config="true" signature="driverQuit(org.testng.ITestResult)[pri:0, instance:testscripts.AdminUsersTest@5c6648b0]" started-at="2025-12-05T18:42:02 IST" name="driverQuit" finished-at="2025-12-05T18:42:03 IST" duration-ms="958" status="PASS">
          <params>
            <param index="0">
              <value>
                <![CDATA[[TestResult name=verifyWhetherAdminIsAbleToAddNewUser status=SUCCESS method=AdminUsersTest.verifyWhetherAdminIsAbleToAddNewUser()[pri:0, instance:testscripts.AdminUsersTest@5c6648b0] output={null}]]]>
              </value>
            </param>
          </params>
          <reporter-output>
          </reporter-output>
        </test-method> <!-- driverQuit -->
        <test-method is-config="true" signature="initializeBrowser()[pri:0, instance:testscripts.AdminUsersTest@5c6648b0]" started-at="2025-12-05T18:42:03 IST" name="initializeBrowser" finished-at="2025-12-05T18:42:08 IST" duration-ms="5125" status="PASS">
          <reporter-output>
          </reporter-output>
        </test-method> <!-- initializeBrowser -->
        <test-method signature="verifyWhetherAdminIsAbleToResetTheUsersList()[pri:0, instance:testscripts.AdminUsersTest@5c6648b0]" started-at="2025-12-05T18:42:08 IST" name="verifyWhetherAdminIsAbleToResetTheUsersList" finished-at="2025-12-05T18:42:12 IST" duration-ms="4010" status="PASS">
          <reporter-output>
          </reporter-output>
        </test-method> <!-- verifyWhetherAdminIsAbleToResetTheUsersList -->
        <test-method is-config="true" signature="driverQuit(org.testng.ITestResult)[pri:0, instance:testscripts.AdminUsersTest@5c6648b0]" started-at="2025-12-05T18:42:12 IST" name="driverQuit" finished-at="2025-12-05T18:42:13 IST" duration-ms="714" status="PASS">
          <params>
            <param index="0">
              <value>
                <![CDATA[[TestResult name=verifyWhetherAdminIsAbleToResetTheUsersList status=SUCCESS method=AdminUsersTest.verifyWhetherAdminIsAbleToResetTheUsersList()[pri:0, instance:testscripts.AdminUsersTest@5c6648b0] output={null}]]]>
              </value>
            </param>
          </params>
          <reporter-output>
          </reporter-output>
        </test-method> <!-- driverQuit -->
        <test-method is-config="true" signature="initializeBrowser()[pri:0, instance:testscripts.AdminUsersTest@5c6648b0]" started-at="2025-12-05T18:42:13 IST" name="initializeBrowser" finished-at="2025-12-05T18:42:18 IST" duration-ms="5284" status="PASS">
          <reporter-output>
          </reporter-output>
        </test-method> <!-- initializeBrowser -->
        <test-method signature="verifyWhetherAdminIsAbleToSearchTheNewlyAddedUser()[pri:0, instance:testscripts.AdminUsersTest@5c6648b0]" started-at="2025-12-05T18:42:18 IST" name="verifyWhetherAdminIsAbleToSearchTheNewlyAddedUser" finished-at="2025-12-05T18:42:22 IST" duration-ms="4251" status="PASS">
          <reporter-output>
          </reporter-output>
        </test-method> <!-- verifyWhetherAdminIsAbleToSearchTheNewlyAddedUser -->
        <test-method is-config="true" signature="driverQuit(org.testng.ITestResult)[pri:0, instance:testscripts.AdminUsersTest@5c6648b0]" started-at="2025-12-05T18:42:22 IST" name="driverQuit" finished-at="2025-12-05T18:42:23 IST" duration-ms="900" status="PASS">
          <params>
            <param index="0">
              <value>
                <![CDATA[[TestResult name=verifyWhetherAdminIsAbleToSearchTheNewlyAddedUser status=SUCCESS method=AdminUsersTest.verifyWhetherAdminIsAbleToSearchTheNewlyAddedUser()[pri:0, instance:testscripts.AdminUsersTest@5c6648b0] output={null}]]]>
              </value>
            </param>
          </params>
          <reporter-output>
          </reporter-output>
        </test-method> <!-- driverQuit -->
      </class> <!-- testscripts.AdminUsersTest -->
    </test> <!-- Default test -->
  </suite> <!-- Default suite -->
</testng-results>
