<?xml version="1.0" encoding="UTF-8"?>
<testng-results ignored="0" total="2" passed="2" failed="0" skipped="0">
  <reporter-output>
  </reporter-output>
  <suite started-at="2025-12-17T18:57:59 IST" name="Suite" finished-at="2025-12-17T18:58:16 IST" duration-ms="16727">
    <groups>
      <group name="smoke">
        <method signature="LoginTest.verifyWhetherUserIsAbleToLoginWithInvalidUsernameAndInvalidPassword(java.lang.String,java.lang.String)[pri:4, instance:testscripts.LoginTest@508dec2b]" name="verifyWhetherUserIsAbleToLoginWithInvalidUsernameAndInvalidPassword" class="testscripts.LoginTest"/>
      </group> <!-- smoke -->
    </groups>
    <test started-at="2025-12-17T18:57:59 IST" name="Test" finished-at="2025-12-17T18:58:16 IST" duration-ms="16727">
      <class name="testscripts.LoginTest">
        <test-method is-config="true" signature="initializeBrowser()[pri:0, instance:testscripts.LoginTest@508dec2b]" started-at="2025-12-17T18:58:00 IST" name="initializeBrowser" finished-at="2025-12-17T18:58:07 IST" duration-ms="7486" status="PASS">
          <reporter-output>
          </reporter-output>
        </test-method> <!-- initializeBrowser -->
        <test-method signature="verifyWhetherUserIsAbleToLoginWithInvalidUsernameAndInvalidPassword(java.lang.String,java.lang.String)[pri:4, instance:testscripts.LoginTest@508dec2b]" started-at="2025-12-17T18:58:07 IST" name="verifyWhetherUserIsAbleToLoginWithInvalidUsernameAndInvalidPassword" description="Verify user is able to login with invalid credentials" data-provider="loginProvider" finished-at="2025-12-17T18:58:09 IST" duration-ms="1999" status="PASS">
          <params>
            <param index="0">
              <value>
                <![CDATA[admin]]>
              </value>
            </param>
            <param index="1">
              <value>
                <![CDATA[admin22]]>
              </value>
            </param>
          </params>
          <reporter-output>
          </reporter-output>
        </test-method> <!-- verifyWhetherUserIsAbleToLoginWithInvalidUsernameAndInvalidPassword -->
        <test-method is-config="true" signature="driverQuit(org.testng.ITestResult)[pri:0, instance:testscripts.LoginTest@508dec2b]" started-at="2025-12-17T18:58:09 IST" name="driverQuit" finished-at="2025-12-17T18:58:09 IST" duration-ms="7" status="PASS">
          <params>
            <param index="0">
              <value>
                <![CDATA[[TestResult name=verifyWhetherUserIsAbleToLoginWithInvalidUsernameAndInvalidPassword status=SUCCESS method=LoginTest.verifyWhetherUserIsAbleToLoginWithInvalidUsernameAndInvalidPassword(java.lang.String,java.lang.String)[pri:4, instance:testscripts.LoginTest@508dec2b] output={null}]]]>
              </value>
            </param>
          </params>
          <reporter-output>
          </reporter-output>
        </test-method> <!-- driverQuit -->
        <test-method is-config="true" signature="initializeBrowser()[pri:0, instance:testscripts.LoginTest@508dec2b]" started-at="2025-12-17T18:58:09 IST" name="initializeBrowser" finished-at="2025-12-17T18:58:15 IST" duration-ms="5485" status="PASS">
          <reporter-output>
          </reporter-output>
        </test-method> <!-- initializeBrowser -->
        <test-method signature="verifyWhetherUserIsAbleToLoginWithInvalidUsernameAndInvalidPassword(java.lang.String,java.lang.String)[pri:4, instance:testscripts.LoginTest@508dec2b]" started-at="2025-12-17T18:58:15 IST" name="verifyWhetherUserIsAbleToLoginWithInvalidUsernameAndInvalidPassword" description="Verify user is able to login with invalid credentials" data-provider="loginProvider" finished-at="2025-12-17T18:58:16 IST" duration-ms="1622" status="PASS">
          <params>
            <param index="0">
              <value>
                <![CDATA[admin123]]>
              </value>
            </param>
            <param index="1">
              <value>
                <![CDATA[123]]>
              </value>
            </param>
          </params>
          <reporter-output>
          </reporter-output>
        </test-method> <!-- verifyWhetherUserIsAbleToLoginWithInvalidUsernameAndInvalidPassword -->
        <test-method is-config="true" signature="driverQuit(org.testng.ITestResult)[pri:0, instance:testscripts.LoginTest@508dec2b]" started-at="2025-12-17T18:58:16 IST" name="driverQuit" finished-at="2025-12-17T18:58:16 IST" duration-ms="6" status="PASS">
          <params>
            <param index="0">
              <value>
                <![CDATA[[TestResult name=verifyWhetherUserIsAbleToLoginWithInvalidUsernameAndInvalidPassword status=SUCCESS method=LoginTest.verifyWhetherUserIsAbleToLoginWithInvalidUsernameAndInvalidPassword(java.lang.String,java.lang.String)[pri:4, instance:testscripts.LoginTest@508dec2b] output={null}]]]>
              </value>
            </param>
          </params>
          <reporter-output>
          </reporter-output>
        </test-method> <!-- driverQuit -->
      </class> <!-- testscripts.LoginTest -->
    </test> <!-- Test -->
  </suite> <!-- Suite -->
</testng-results>
